<?xml version="1.0" encoding="UTF-8"?>
<testng-results skipped="0" failed="0" total="1" passed="1">
  <reporter-output>
  </reporter-output>
  <suite name="Command line suite" duration-ms="51" started-at="2020-02-11T07:10:26Z" finished-at="2020-02-11T07:10:26Z">
    <groups>
    </groups>
    <test name="Command line test" duration-ms="51" started-at="2020-02-11T07:10:26Z" finished-at="2020-02-11T07:10:26Z">
      <class name="Cucumber.Automation.AppTest">
        <test-method status="PASS" signature="testApp()[pri:0, instance:testApp(Cucumber.Automation.AppTest)]" name="testApp" duration-ms="8" started-at="2020-02-11T12:40:26Z" finished-at="2020-02-11T12:40:26Z">
          <reporter-output>
          </reporter-output>
        </test-method> <!-- testApp -->
      </class> <!-- Cucumber.Automation.AppTest -->
    </test> <!-- Command line test -->
  </suite> <!-- Command line suite -->
</testng-results>
