<?xml version="1.0" encoding="UTF-8" ?>
<testsuite tests="16" failures="0" name="cucumberOptions.TestRunner" time="0.846" errors="2" skipped="4">
  <properties>
[...]
</properties>
  <testcase classname="Scenario: Search for items and validate the results" name="Given User is on Greencart Landing page" time="0.002"/>
  <testcase classname="Scenario: Search for items and validate the results" name="When User searched for Cucumber vegitable" time="0"/>
  <testcase classname="Scenario: Search for items and validate the results" name="Then &quot;Cucumber&quot; results are displayed" time="0"/>
  <testcase classname="Scenario: Search for items and validate the results" name="Scenario: Search for items and validate the results" time="0.001"/>
  <testcase classname="| Brinjal |" name="Given User is on Greencart Landing page" time="0.012">
    <error message="unknown error: failed to change window state to maximized, current state is minimized
  (Session info: chrome=81.0.4044.138)
Build info: version: &apos;3.141.59&apos;, revision: &apos;e82be7d358&apos;, time: &apos;2018-11-14T08:17:03&apos;
System info: host: &apos;DESKTOP-NHDJ7D7&apos;, ip: &apos;172.20.10.7&apos;, os.name: &apos;Windows 10&apos;, os.arch: &apos;amd64&apos;, os.version: &apos;10.0&apos;, java.version: &apos;1.8.0_212&apos;
Driver info: org.openqa.selenium.chrome.ChromeDriver
Capabilities {acceptInsecureCerts: false, browserName: chrome, browserVersion: 81.0.4044.138, chrome: {chromedriverVersion: 80.0.3987.16 (320f6526c1632..., userDataDir: C:\Users\Mrinmoy\AppData\Lo...}, goog:chromeOptions: {debuggerAddress: localhost:22482}, javascriptEnabled: true, networkConnectionEnabled: false, pageLoadStrategy: normal, platform: WINDOWS, platformName: WINDOWS, proxy: Proxy(), setWindowRect: true, strictFileInteractability: false, timeouts: {implicit: 0, pageLoad: 300000, script: 30000}, unhandledPromptBehavior: dismiss and notify}
Session ID: d8c7ec785d95a09fce25a13efdb12687" type="org.openqa.selenium.WebDriverException">org.openqa.selenium.WebDriverException: unknown error: failed to change window state to maximized, current state is minimized
  (Session info: chrome=81.0.4044.138)
Build info: version: &apos;3.141.59&apos;, revision: &apos;e82be7d358&apos;, time: &apos;2018-11-14T08:17:03&apos;
System info: host: &apos;DESKTOP-NHDJ7D7&apos;, ip: &apos;172.20.10.7&apos;, os.name: &apos;Windows 10&apos;, os.arch: &apos;amd64&apos;, os.version: &apos;10.0&apos;, java.version: &apos;1.8.0_212&apos;
Driver info: org.openqa.selenium.chrome.ChromeDriver
Capabilities {acceptInsecureCerts: false, browserName: chrome, browserVersion: 81.0.4044.138, chrome: {chromedriverVersion: 80.0.3987.16 (320f6526c1632..., userDataDir: C:\Users\Mrinmoy\AppData\Lo...}, goog:chromeOptions: {debuggerAddress: localhost:22482}, javascriptEnabled: true, networkConnectionEnabled: false, pageLoadStrategy: normal, platform: WINDOWS, platformName: WINDOWS, proxy: Proxy(), setWindowRect: true, strictFileInteractability: false, timeouts: {implicit: 0, pageLoad: 300000, script: 30000}, unhandledPromptBehavior: dismiss and notify}
Session ID: d8c7ec785d95a09fce25a13efdb12687
	at sun.reflect.NativeConstructorAccessorImpl.newInstance0(Native Method)
	at sun.reflect.NativeConstructorAccessorImpl.newInstance(NativeConstructorAccessorImpl.java:62)
	at sun.reflect.DelegatingConstructorAccessorImpl.newInstance(DelegatingConstructorAccessorImpl.java:45)
	at java.lang.reflect.Constructor.newInstance(Constructor.java:423)
	at org.openqa.selenium.remote.http.W3CHttpResponseCodec.createException(W3CHttpResponseCodec.java:187)
	at org.openqa.selenium.remote.http.W3CHttpResponseCodec.decode(W3CHttpResponseCodec.java:122)
	at org.openqa.selenium.remote.http.W3CHttpResponseCodec.decode(W3CHttpResponseCodec.java:49)
	at org.openqa.selenium.remote.HttpCommandExecutor.execute(HttpCommandExecutor.java:158)
	at org.openqa.selenium.remote.service.DriverCommandExecutor.execute(DriverCommandExecutor.java:83)
	at org.openqa.selenium.remote.RemoteWebDriver.execute(RemoteWebDriver.java:552)
	at org.openqa.selenium.remote.RemoteWebDriver.execute(RemoteWebDriver.java:609)
	at org.openqa.selenium.remote.RemoteWebDriver$RemoteWebDriverOptions$RemoteWindow.maximize(RemoteWebDriver.java:837)
	at Cucumber.Automation.Base.getDriver(Base.java:17)
	at stepDefinations.MyStepDefinitions.user_is_on_greencart_landing_page(MyStepDefinitions.java:19)
	at ✽.Given User is on Greencart Landing page(features/Search.feature:12)
</error>
    <system-out>
  @SeleniumTest1
  Scenario: Search for items and validate the results &amp;#27;[90m# features/Search.feature:4&amp;#27;[0m
    &amp;#27;[32mGiven &amp;#27;[0m&amp;#27;[32mUser is on Greencart Landing page&amp;#27;[0m           &amp;#27;[90m# MyStepDefinitions.user_is_on_greencart_landing_page()&amp;#27;[0m
    &amp;#27;[32mWhen &amp;#27;[0m&amp;#27;[32mUser searched for &amp;#27;[0m&amp;#27;[32m&amp;#27;[1mCucumber&amp;#27;[0m&amp;#27;[32m vegitable&amp;#27;[0m         &amp;#27;[90m# MyStepDefinitions.user_searched_for_vegitable(String)&amp;#27;[0m
    &amp;#27;[32mThen &amp;#27;[0m&amp;#27;[32m&quot;&amp;#27;[0m&amp;#27;[32m&amp;#27;[1mCucumber&amp;#27;[0m&amp;#27;[32m&quot; results are displayed&amp;#27;[0m             &amp;#27;[90m# MyStepDefinitions.something_results_are_displayed(String)&amp;#27;[0m

  @SeleniumTest2
  Scenario Outline: Search for items and move to checkout page       &amp;#27;[90m# features/Search.feature:11&amp;#27;[0m
    &amp;#27;[36mGiven &amp;#27;[0m&amp;#27;[36mUser is on Greencart Landing page&amp;#27;[0m
    &amp;#27;[36mWhen &amp;#27;[0m&amp;#27;[36mUser searched for &lt;Name&gt; vegitable&amp;#27;[0m
    &amp;#27;[36mAnd &amp;#27;[0m&amp;#27;[36mAdded items to cart&amp;#27;[0m
    &amp;#27;[36mAnd &amp;#27;[0m&amp;#27;[36mUser proceeded to Checkout page for purchase&amp;#27;[0m
    &amp;#27;[36mThen &amp;#27;[0m&amp;#27;[36mverify selected &lt;Name&gt; items are displayed in Checkout page&amp;#27;[0m

    Examples: 
</system-out>
    <system-err>Starting ChromeDriver 80.0.3987.16 (320f6526c1632ad4f205ebce69b99a062ed78647-refs/branch-heads/3987@{#185}) on port 11453
Only local connections are allowed.
Please protect ports used by ChromeDriver and related test frameworks to prevent access by malicious code.
[1589293374.462][WARNING]: This version of ChromeDriver has not been tested with Chrome version 81.
[1589293376.466][WARNING]: Timed out connecting to Chrome, retrying...
May 12, 2020 7:52:58 PM org.openqa.selenium.remote.ProtocolHandshake createSession
INFO: Detected dialect: W3C
[1589293380.487][WARNING]: Timed out connecting to Chrome, retrying...
</system-err>
  </testcase>
  <testcase classname="| Brinjal |" name="| Brinjal |" time="0.014">
    <error message="unknown error: failed to change window state to maximized, current state is minimized
  (Session info: chrome=81.0.4044.138)
Build info: version: &apos;3.141.59&apos;, revision: &apos;e82be7d358&apos;, time: &apos;2018-11-14T08:17:03&apos;
System info: host: &apos;DESKTOP-NHDJ7D7&apos;, ip: &apos;172.20.10.7&apos;, os.name: &apos;Windows 10&apos;, os.arch: &apos;amd64&apos;, os.version: &apos;10.0&apos;, java.version: &apos;1.8.0_212&apos;
Driver info: org.openqa.selenium.chrome.ChromeDriver
Capabilities {acceptInsecureCerts: false, browserName: chrome, browserVersion: 81.0.4044.138, chrome: {chromedriverVersion: 80.0.3987.16 (320f6526c1632..., userDataDir: C:\Users\Mrinmoy\AppData\Lo...}, goog:chromeOptions: {debuggerAddress: localhost:22482}, javascriptEnabled: true, networkConnectionEnabled: false, pageLoadStrategy: normal, platform: WINDOWS, platformName: WINDOWS, proxy: Proxy(), setWindowRect: true, strictFileInteractability: false, timeouts: {implicit: 0, pageLoad: 300000, script: 30000}, unhandledPromptBehavior: dismiss and notify}
Session ID: d8c7ec785d95a09fce25a13efdb12687" type="org.openqa.selenium.WebDriverException">org.openqa.selenium.WebDriverException: unknown error: failed to change window state to maximized, current state is minimized
  (Session info: chrome=81.0.4044.138)
Build info: version: &apos;3.141.59&apos;, revision: &apos;e82be7d358&apos;, time: &apos;2018-11-14T08:17:03&apos;
System info: host: &apos;DESKTOP-NHDJ7D7&apos;, ip: &apos;172.20.10.7&apos;, os.name: &apos;Windows 10&apos;, os.arch: &apos;amd64&apos;, os.version: &apos;10.0&apos;, java.version: &apos;1.8.0_212&apos;
Driver info: org.openqa.selenium.chrome.ChromeDriver
Capabilities {acceptInsecureCerts: false, browserName: chrome, browserVersion: 81.0.4044.138, chrome: {chromedriverVersion: 80.0.3987.16 (320f6526c1632..., userDataDir: C:\Users\Mrinmoy\AppData\Lo...}, goog:chromeOptions: {debuggerAddress: localhost:22482}, javascriptEnabled: true, networkConnectionEnabled: false, pageLoadStrategy: normal, platform: WINDOWS, platformName: WINDOWS, proxy: Proxy(), setWindowRect: true, strictFileInteractability: false, timeouts: {implicit: 0, pageLoad: 300000, script: 30000}, unhandledPromptBehavior: dismiss and notify}
Session ID: d8c7ec785d95a09fce25a13efdb12687
	at sun.reflect.NativeConstructorAccessorImpl.newInstance0(Native Method)
	at sun.reflect.NativeConstructorAccessorImpl.newInstance(NativeConstructorAccessorImpl.java:62)
	at sun.reflect.DelegatingConstructorAccessorImpl.newInstance(DelegatingConstructorAccessorImpl.java:45)
	at java.lang.reflect.Constructor.newInstance(Constructor.java:423)
	at org.openqa.selenium.remote.http.W3CHttpResponseCodec.createException(W3CHttpResponseCodec.java:187)
	at org.openqa.selenium.remote.http.W3CHttpResponseCodec.decode(W3CHttpResponseCodec.java:122)
	at org.openqa.selenium.remote.http.W3CHttpResponseCodec.decode(W3CHttpResponseCodec.java:49)
	at org.openqa.selenium.remote.HttpCommandExecutor.execute(HttpCommandExecutor.java:158)
	at org.openqa.selenium.remote.service.DriverCommandExecutor.execute(DriverCommandExecutor.java:83)
	at org.openqa.selenium.remote.RemoteWebDriver.execute(RemoteWebDriver.java:552)
	at org.openqa.selenium.remote.RemoteWebDriver.execute(RemoteWebDriver.java:609)
	at org.openqa.selenium.remote.RemoteWebDriver$RemoteWebDriverOptions$RemoteWindow.maximize(RemoteWebDriver.java:837)
	at Cucumber.Automation.Base.getDriver(Base.java:17)
	at stepDefinations.MyStepDefinitions.user_is_on_greencart_landing_page(MyStepDefinitions.java:19)
	at ✽.Given User is on Greencart Landing page(features/Search.feature:12)
</error>
  </testcase>
  <testcase classname="| Brinjal |" name="When User searched for Brinjal vegitable" time="0.022">
    <skipped/>
  </testcase>
  <testcase classname="| Brinjal |" name="And Added items to cart" time="0.026">
    <skipped/>
  </testcase>
  <testcase classname="| Brinjal |" name="And User proceeded to Checkout page for purchase" time="0.03">
    <skipped/>
  </testcase>
  <testcase classname="| Brinjal |" name="Then verify selected Brinjal items are displayed in Checkout page" time="0.034">
    <skipped/>
  </testcase>
  <testcase classname="| Beetroot |" name="Given User is on Greencart Landing page" time="0"/>
  <testcase classname="| Beetroot |" name="When User searched for Beetroot vegitable" time="0"/>
  <testcase classname="| Beetroot |" name="And Added items to cart" time="0"/>
  <testcase classname="| Beetroot |" name="And User proceeded to Checkout page for purchase" time="0"/>
  <testcase classname="| Beetroot |" name="Then verify selected Beetroot items are displayed in Checkout page" time="0"/>
  <testcase classname="| Beetroot |" name="| Beetroot |" time="0.705"/>
</testsuite>